<?xml version="1.0" encoding="UTF-8"?>
<!-- Generated by org.testng.reporters.JUnitReportReporter -->
<testsuite hostname="DESKTOP-6E13JVC" failures="0" tests="1" name="com.database.automation.SQLDatabaseConnectivity" time="0.120" errors="0" timestamp="2022-11-15T22:16:34 IST" skipped="0">
  <testcase classname="com.database.automation.SQLDatabaseConnectivity" name="toFatchData" time="0.120"/>
  <system-out/>
</testsuite> <!-- com.database.automation.SQLDatabaseConnectivity -->
