<?xml version="1.0" encoding="UTF-8"?>
<!-- Generated by org.testng.reporters.JUnitReportReporter -->
<testsuite hostname="DESKTOP-6E13JVC" failures="0" tests="4" name="com.database.automation.test.DatabaseTest" time="0.454" errors="0" timestamp="2022-11-16T16:25:07 IST" skipped="0">
  <testcase classname="com.database.automation.test.DatabaseTest" name="toDeleteData" time="0.074"/>
  <system-out/>
  <testcase classname="com.database.automation.test.DatabaseTest" name="toUpdateData" time="0.094"/>
  <system-out/>
  <testcase classname="com.database.automation.test.DatabaseTest" name="toInsertData" time="0.187"/>
  <system-out/>
  <testcase classname="com.database.automation.test.DatabaseTest" name="toFetchData" time="0.099"/>
  <system-out/>
</testsuite> <!-- com.database.automation.test.DatabaseTest -->
